2020-09-20 00:49:00.961  INFO 8640 --- [main] c.p.E.EmployeeManagementApplicationTests : Starting EmployeeManagementApplicationTests on LTIN144926 with PID 8640 (started by 802464 in C:\Projects\EmployeeManagement\EmployeeManagement)
2020-09-20 00:49:00.964  INFO 8640 --- [main] c.p.E.EmployeeManagementApplicationTests : No active profile set, falling back to default profiles: default
2020-09-20 00:49:01.967  INFO 8640 --- [main] .s.d.r.c.RepositoryConfigurationDelegate : Bootstrapping Spring Data JPA repositories in DEFERRED mode.
2020-09-20 00:49:02.101  INFO 8640 --- [main] .s.d.r.c.RepositoryConfigurationDelegate : Finished Spring Data repository scanning in 118ms. Found 3 JPA repository interfaces.
2020-09-20 00:49:03.631  INFO 8640 --- [main] o.s.s.concurrent.ThreadPoolTaskExecutor  : Initializing ExecutorService 'applicationTaskExecutor'
2020-09-20 00:49:03.669  INFO 8640 --- [main] com.zaxxer.hikari.HikariDataSource       : HikariPool-1 - Starting...
2020-09-20 00:49:04.099  INFO 8640 --- [main] com.zaxxer.hikari.HikariDataSource       : HikariPool-1 - Start completed.
2020-09-20 00:49:04.318  INFO 8640 --- [task-1] o.hibernate.jpa.internal.util.LogHelper  : HHH000204: Processing PersistenceUnitInfo [name: default]
2020-09-20 00:49:04.319  INFO 8640 --- [main] org.dozer.config.GlobalSettings          : Trying to find Dozer configuration file: dozer.properties
2020-09-20 00:49:04.328  WARN 8640 --- [main] org.dozer.config.GlobalSettings          : Dozer configuration file not found: dozer.properties.  Using defaults for all Dozer global properties.
2020-09-20 00:49:04.331  INFO 8640 --- [main] org.dozer.DozerInitializer               : Initializing Dozer. Version: 5.5.0, Thread Name: main
2020-09-20 00:49:04.398  INFO 8640 --- [main] org.dozer.jmx.JMXPlatformImpl            : Dozer JMX MBean [org.dozer.jmx:type=DozerStatisticsController] auto registered with the Platform MBean Server
2020-09-20 00:49:04.400  INFO 8640 --- [main] org.dozer.jmx.JMXPlatformImpl            : Dozer JMX MBean [org.dozer.jmx:type=DozerAdminController] auto registered with the Platform MBean Server
2020-09-20 00:49:04.401  INFO 8640 --- [main] org.dozer.DozerBeanMapper                : Initializing a new instance of dozer bean mapper.
2020-09-20 00:49:04.415  INFO 8640 --- [task-1] org.hibernate.Version                    : HHH000412: Hibernate ORM core version 5.4.20.Final
2020-09-20 00:49:04.494  INFO 8640 --- [task-1] o.hibernate.annotations.common.Version   : HCANN000001: Hibernate Commons Annotations {5.1.0.Final}
2020-09-20 00:49:04.779  WARN 8640 --- [main] JpaBaseConfiguration$JpaWebConfiguration : spring.jpa.open-in-view is enabled by default. Therefore, database queries may be performed during view rendering. Explicitly configure spring.jpa.open-in-view to disable this warning
2020-09-20 00:49:05.166  INFO 8640 --- [task-1] org.hibernate.dialect.Dialect            : HHH000400: Using dialect: org.hibernate.dialect.H2Dialect
2020-09-20 00:49:05.264  INFO 8640 --- [main] o.s.b.a.h2.H2ConsoleAutoConfiguration    : H2 console available at '/h2-console'. Database available at 'jdbc:h2:mem:testdb'
2020-09-20 00:49:05.739  INFO 8640 --- [main] DeferredRepositoryInitializationListener : Triggering deferred initialization of Spring Data repositories…
2020-09-20 00:49:06.187  INFO 8640 --- [task-1] o.h.e.t.j.p.i.JtaPlatformInitiator       : HHH000490: Using JtaPlatform implementation: [org.hibernate.engine.transaction.jta.platform.internal.NoJtaPlatform]
2020-09-20 00:49:06.200  INFO 8640 --- [task-1] j.LocalContainerEntityManagerFactoryBean : Initialized JPA EntityManagerFactory for persistence unit 'default'
2020-09-20 00:49:06.498  INFO 8640 --- [main] DeferredRepositoryInitializationListener : Spring Data repositories initialized!
2020-09-20 00:49:06.511  INFO 8640 --- [main] c.p.E.EmployeeManagementApplicationTests : Started EmployeeManagementApplicationTests in 5.956 seconds (JVM running for 7.743)
2020-09-20 00:49:06.948 DEBUG 8640 --- [main] c.p.E.s.EmployeeManagementServiceImpl    : model[EmployeeManagementModel(employeeId=1, employeeName=xyz, employeeAge=20, addressList=null, passport=null)]
2020-09-20 00:49:06.987  INFO 8640 --- [SpringContextShutdownHook] j.LocalContainerEntityManagerFactoryBean : Closing JPA EntityManagerFactory for persistence unit 'default'
2020-09-20 00:49:06.988  INFO 8640 --- [SpringContextShutdownHook] .SchemaDropperImpl$DelayedDropActionImpl : HHH000477: Starting delayed evictData of schema as part of SessionFactory shut-down'
2020-09-20 00:49:06.997  INFO 8640 --- [SpringContextShutdownHook] o.s.s.concurrent.ThreadPoolTaskExecutor  : Shutting down ExecutorService 'applicationTaskExecutor'
2020-09-20 00:49:06.998  INFO 8640 --- [SpringContextShutdownHook] com.zaxxer.hikari.HikariDataSource       : HikariPool-1 - Shutdown initiated...
2020-09-20 00:49:07.001  INFO 8640 --- [SpringContextShutdownHook] com.zaxxer.hikari.HikariDataSource       : HikariPool-1 - Shutdown completed.
2020-09-20 00:50:38.795  INFO 6800 --- [main] c.p.E.EmployeeManagementApplicationTests : Starting EmployeeManagementApplicationTests on LTIN144926 with PID 6800 (started by 802464 in C:\Projects\EmployeeManagement\EmployeeManagement)
2020-09-20 00:50:38.797  INFO 6800 --- [main] c.p.E.EmployeeManagementApplicationTests : No active profile set, falling back to default profiles: default
2020-09-20 00:50:39.744  INFO 6800 --- [main] .s.d.r.c.RepositoryConfigurationDelegate : Bootstrapping Spring Data JPA repositories in DEFERRED mode.
2020-09-20 00:50:39.892  INFO 6800 --- [main] .s.d.r.c.RepositoryConfigurationDelegate : Finished Spring Data repository scanning in 130ms. Found 3 JPA repository interfaces.
2020-09-20 00:50:41.871  INFO 6800 --- [main] o.s.s.concurrent.ThreadPoolTaskExecutor  : Initializing ExecutorService 'applicationTaskExecutor'
2020-09-20 00:50:41.901  INFO 6800 --- [main] com.zaxxer.hikari.HikariDataSource       : HikariPool-1 - Starting...
2020-09-20 00:50:42.318  INFO 6800 --- [main] com.zaxxer.hikari.HikariDataSource       : HikariPool-1 - Start completed.
2020-09-20 00:50:42.443  INFO 6800 --- [task-1] o.hibernate.jpa.internal.util.LogHelper  : HHH000204: Processing PersistenceUnitInfo [name: default]
2020-09-20 00:50:42.447  INFO 6800 --- [main] org.dozer.config.GlobalSettings          : Trying to find Dozer configuration file: dozer.properties
2020-09-20 00:50:42.457  WARN 6800 --- [main] org.dozer.config.GlobalSettings          : Dozer configuration file not found: dozer.properties.  Using defaults for all Dozer global properties.
2020-09-20 00:50:42.461  INFO 6800 --- [main] org.dozer.DozerInitializer               : Initializing Dozer. Version: 5.5.0, Thread Name: main
2020-09-20 00:50:42.527  INFO 6800 --- [main] org.dozer.jmx.JMXPlatformImpl            : Dozer JMX MBean [org.dozer.jmx:type=DozerStatisticsController] auto registered with the Platform MBean Server
2020-09-20 00:50:42.528  INFO 6800 --- [main] org.dozer.jmx.JMXPlatformImpl            : Dozer JMX MBean [org.dozer.jmx:type=DozerAdminController] auto registered with the Platform MBean Server
2020-09-20 00:50:42.529  INFO 6800 --- [main] org.dozer.DozerBeanMapper                : Initializing a new instance of dozer bean mapper.
2020-09-20 00:50:42.557  INFO 6800 --- [task-1] org.hibernate.Version                    : HHH000412: Hibernate ORM core version 5.4.20.Final
2020-09-20 00:50:42.641  INFO 6800 --- [task-1] o.hibernate.annotations.common.Version   : HCANN000001: Hibernate Commons Annotations {5.1.0.Final}
2020-09-20 00:50:42.907  WARN 6800 --- [main] JpaBaseConfiguration$JpaWebConfiguration : spring.jpa.open-in-view is enabled by default. Therefore, database queries may be performed during view rendering. Explicitly configure spring.jpa.open-in-view to disable this warning
2020-09-20 00:50:43.374  INFO 6800 --- [task-1] org.hibernate.dialect.Dialect            : HHH000400: Using dialect: org.hibernate.dialect.H2Dialect
2020-09-20 00:50:43.481  INFO 6800 --- [main] o.s.b.a.h2.H2ConsoleAutoConfiguration    : H2 console available at '/h2-console'. Database available at 'jdbc:h2:mem:testdb'
2020-09-20 00:50:44.181  INFO 6800 --- [main] DeferredRepositoryInitializationListener : Triggering deferred initialization of Spring Data repositories…
2020-09-20 00:50:44.922  INFO 6800 --- [task-1] o.h.e.t.j.p.i.JtaPlatformInitiator       : HHH000490: Using JtaPlatform implementation: [org.hibernate.engine.transaction.jta.platform.internal.NoJtaPlatform]
2020-09-20 00:50:44.932  INFO 6800 --- [task-1] j.LocalContainerEntityManagerFactoryBean : Initialized JPA EntityManagerFactory for persistence unit 'default'
2020-09-20 00:50:45.349  INFO 6800 --- [main] DeferredRepositoryInitializationListener : Spring Data repositories initialized!
2020-09-20 00:50:45.369  INFO 6800 --- [main] c.p.E.EmployeeManagementApplicationTests : Started EmployeeManagementApplicationTests in 7.002 seconds (JVM running for 8.955)
2020-09-20 00:50:45.843 DEBUG 6800 --- [main] c.p.E.s.EmployeeManagementServiceImpl    : model[EmployeeManagementModel(employeeId=1, employeeName=xyz, employeeAge=20, addressList=null, passport=null)]
2020-09-20 00:50:45.882  INFO 6800 --- [SpringContextShutdownHook] j.LocalContainerEntityManagerFactoryBean : Closing JPA EntityManagerFactory for persistence unit 'default'
2020-09-20 00:50:45.883  INFO 6800 --- [SpringContextShutdownHook] .SchemaDropperImpl$DelayedDropActionImpl : HHH000477: Starting delayed evictData of schema as part of SessionFactory shut-down'
2020-09-20 00:50:45.895  INFO 6800 --- [SpringContextShutdownHook] o.s.s.concurrent.ThreadPoolTaskExecutor  : Shutting down ExecutorService 'applicationTaskExecutor'
2020-09-20 00:50:45.896  INFO 6800 --- [SpringContextShutdownHook] com.zaxxer.hikari.HikariDataSource       : HikariPool-1 - Shutdown initiated...
2020-09-20 00:50:45.900  INFO 6800 --- [SpringContextShutdownHook] com.zaxxer.hikari.HikariDataSource       : HikariPool-1 - Shutdown completed.
2020-09-20 00:51:27.470  INFO 3408 --- [main] c.p.E.EmployeeManagementApplicationTests : Starting EmployeeManagementApplicationTests on LTIN144926 with PID 3408 (started by 802464 in C:\Projects\EmployeeManagement\EmployeeManagement)
2020-09-20 00:51:27.472  INFO 3408 --- [main] c.p.E.EmployeeManagementApplicationTests : No active profile set, falling back to default profiles: default
2020-09-20 00:51:28.309  INFO 3408 --- [main] .s.d.r.c.RepositoryConfigurationDelegate : Bootstrapping Spring Data JPA repositories in DEFERRED mode.
2020-09-20 00:51:28.431  INFO 3408 --- [main] .s.d.r.c.RepositoryConfigurationDelegate : Finished Spring Data repository scanning in 107ms. Found 3 JPA repository interfaces.
2020-09-20 00:51:30.129  INFO 3408 --- [main] o.s.s.concurrent.ThreadPoolTaskExecutor  : Initializing ExecutorService 'applicationTaskExecutor'
2020-09-20 00:51:30.162  INFO 3408 --- [main] com.zaxxer.hikari.HikariDataSource       : HikariPool-1 - Starting...
2020-09-20 00:51:30.555  INFO 3408 --- [main] com.zaxxer.hikari.HikariDataSource       : HikariPool-1 - Start completed.
2020-09-20 00:51:30.806  INFO 3408 --- [task-1] o.hibernate.jpa.internal.util.LogHelper  : HHH000204: Processing PersistenceUnitInfo [name: default]
2020-09-20 00:51:30.812  INFO 3408 --- [main] org.dozer.config.GlobalSettings          : Trying to find Dozer configuration file: dozer.properties
2020-09-20 00:51:30.823  WARN 3408 --- [main] org.dozer.config.GlobalSettings          : Dozer configuration file not found: dozer.properties.  Using defaults for all Dozer global properties.
2020-09-20 00:51:30.826  INFO 3408 --- [main] org.dozer.DozerInitializer               : Initializing Dozer. Version: 5.5.0, Thread Name: main
2020-09-20 00:51:30.902  INFO 3408 --- [main] org.dozer.jmx.JMXPlatformImpl            : Dozer JMX MBean [org.dozer.jmx:type=DozerStatisticsController] auto registered with the Platform MBean Server
2020-09-20 00:51:30.904  INFO 3408 --- [main] org.dozer.jmx.JMXPlatformImpl            : Dozer JMX MBean [org.dozer.jmx:type=DozerAdminController] auto registered with the Platform MBean Server
2020-09-20 00:51:30.905  INFO 3408 --- [main] org.dozer.DozerBeanMapper                : Initializing a new instance of dozer bean mapper.
2020-09-20 00:51:30.920  INFO 3408 --- [task-1] org.hibernate.Version                    : HHH000412: Hibernate ORM core version 5.4.20.Final
2020-09-20 00:51:31.021  INFO 3408 --- [task-1] o.hibernate.annotations.common.Version   : HCANN000001: Hibernate Commons Annotations {5.1.0.Final}
2020-09-20 00:51:31.321  WARN 3408 --- [main] JpaBaseConfiguration$JpaWebConfiguration : spring.jpa.open-in-view is enabled by default. Therefore, database queries may be performed during view rendering. Explicitly configure spring.jpa.open-in-view to disable this warning
2020-09-20 00:51:31.760  INFO 3408 --- [task-1] org.hibernate.dialect.Dialect            : HHH000400: Using dialect: org.hibernate.dialect.H2Dialect
2020-09-20 00:51:31.887  INFO 3408 --- [main] o.s.b.a.h2.H2ConsoleAutoConfiguration    : H2 console available at '/h2-console'. Database available at 'jdbc:h2:mem:testdb'
2020-09-20 00:51:32.490  INFO 3408 --- [main] DeferredRepositoryInitializationListener : Triggering deferred initialization of Spring Data repositories…
2020-09-20 00:51:33.091  INFO 3408 --- [task-1] o.h.e.t.j.p.i.JtaPlatformInitiator       : HHH000490: Using JtaPlatform implementation: [org.hibernate.engine.transaction.jta.platform.internal.NoJtaPlatform]
2020-09-20 00:51:33.104  INFO 3408 --- [task-1] j.LocalContainerEntityManagerFactoryBean : Initialized JPA EntityManagerFactory for persistence unit 'default'
2020-09-20 00:51:33.435  INFO 3408 --- [main] DeferredRepositoryInitializationListener : Spring Data repositories initialized!
2020-09-20 00:51:33.449  INFO 3408 --- [main] c.p.E.EmployeeManagementApplicationTests : Started EmployeeManagementApplicationTests in 6.386 seconds (JVM running for 8.308)
2020-09-20 00:51:33.920 DEBUG 3408 --- [main] c.p.E.s.EmployeeManagementServiceImpl    : model[EmployeeManagementModel(employeeId=1, employeeName=xyz, employeeAge=20, addressList=null, passport=null)]
2020-09-20 00:51:33.960  INFO 3408 --- [SpringContextShutdownHook] j.LocalContainerEntityManagerFactoryBean : Closing JPA EntityManagerFactory for persistence unit 'default'
2020-09-20 00:51:33.961  INFO 3408 --- [SpringContextShutdownHook] .SchemaDropperImpl$DelayedDropActionImpl : HHH000477: Starting delayed evictData of schema as part of SessionFactory shut-down'
2020-09-20 00:51:33.971  INFO 3408 --- [SpringContextShutdownHook] o.s.s.concurrent.ThreadPoolTaskExecutor  : Shutting down ExecutorService 'applicationTaskExecutor'
2020-09-20 00:51:33.973  INFO 3408 --- [SpringContextShutdownHook] com.zaxxer.hikari.HikariDataSource       : HikariPool-1 - Shutdown initiated...
2020-09-20 00:51:33.977  INFO 3408 --- [SpringContextShutdownHook] com.zaxxer.hikari.HikariDataSource       : HikariPool-1 - Shutdown completed.
2020-09-20 00:52:11.318  INFO 3920 --- [main] c.p.E.EmployeeManagementApplicationTests : Starting EmployeeManagementApplicationTests on LTIN144926 with PID 3920 (started by 802464 in C:\Projects\EmployeeManagement\EmployeeManagement)
2020-09-20 00:52:11.320  INFO 3920 --- [main] c.p.E.EmployeeManagementApplicationTests : No active profile set, falling back to default profiles: default
2020-09-20 00:52:12.198  INFO 3920 --- [main] .s.d.r.c.RepositoryConfigurationDelegate : Bootstrapping Spring Data JPA repositories in DEFERRED mode.
2020-09-20 00:52:12.344  INFO 3920 --- [main] .s.d.r.c.RepositoryConfigurationDelegate : Finished Spring Data repository scanning in 131ms. Found 3 JPA repository interfaces.
2020-09-20 00:52:13.828  INFO 3920 --- [main] o.s.s.concurrent.ThreadPoolTaskExecutor  : Initializing ExecutorService 'applicationTaskExecutor'
2020-09-20 00:52:13.854  INFO 3920 --- [main] com.zaxxer.hikari.HikariDataSource       : HikariPool-1 - Starting...
2020-09-20 00:52:14.493  INFO 3920 --- [main] com.zaxxer.hikari.HikariDataSource       : HikariPool-1 - Start completed.
2020-09-20 00:52:14.729  INFO 3920 --- [task-1] o.hibernate.jpa.internal.util.LogHelper  : HHH000204: Processing PersistenceUnitInfo [name: default]
2020-09-20 00:52:14.730  INFO 3920 --- [main] org.dozer.config.GlobalSettings          : Trying to find Dozer configuration file: dozer.properties
2020-09-20 00:52:14.739  WARN 3920 --- [main] org.dozer.config.GlobalSettings          : Dozer configuration file not found: dozer.properties.  Using defaults for all Dozer global properties.
2020-09-20 00:52:14.742  INFO 3920 --- [main] org.dozer.DozerInitializer               : Initializing Dozer. Version: 5.5.0, Thread Name: main
2020-09-20 00:52:30.866  INFO 17980 --- [main] c.p.E.EmployeeManagementApplicationTests : Starting EmployeeManagementApplicationTests on LTIN144926 with PID 17980 (started by 802464 in C:\Projects\EmployeeManagement\EmployeeManagement)
2020-09-20 00:52:30.869  INFO 17980 --- [main] c.p.E.EmployeeManagementApplicationTests : No active profile set, falling back to default profiles: default
2020-09-20 00:52:31.911  INFO 17980 --- [main] .s.d.r.c.RepositoryConfigurationDelegate : Bootstrapping Spring Data JPA repositories in DEFERRED mode.
2020-09-20 00:52:32.038  INFO 17980 --- [main] .s.d.r.c.RepositoryConfigurationDelegate : Finished Spring Data repository scanning in 111ms. Found 3 JPA repository interfaces.
2020-09-20 00:52:33.759  INFO 17980 --- [main] o.s.s.concurrent.ThreadPoolTaskExecutor  : Initializing ExecutorService 'applicationTaskExecutor'
2020-09-20 00:52:33.801  INFO 17980 --- [main] com.zaxxer.hikari.HikariDataSource       : HikariPool-1 - Starting...
2020-09-20 00:52:34.234  INFO 17980 --- [main] com.zaxxer.hikari.HikariDataSource       : HikariPool-1 - Start completed.
2020-09-20 00:52:34.349  INFO 17980 --- [task-1] o.hibernate.jpa.internal.util.LogHelper  : HHH000204: Processing PersistenceUnitInfo [name: default]
2020-09-20 00:52:34.351  INFO 17980 --- [main] org.dozer.config.GlobalSettings          : Trying to find Dozer configuration file: dozer.properties
2020-09-20 00:52:34.359  WARN 17980 --- [main] org.dozer.config.GlobalSettings          : Dozer configuration file not found: dozer.properties.  Using defaults for all Dozer global properties.
2020-09-20 00:52:34.362  INFO 17980 --- [main] org.dozer.DozerInitializer               : Initializing Dozer. Version: 5.5.0, Thread Name: main
2020-09-20 00:52:34.440  INFO 17980 --- [main] org.dozer.jmx.JMXPlatformImpl            : Dozer JMX MBean [org.dozer.jmx:type=DozerStatisticsController] auto registered with the Platform MBean Server
2020-09-20 00:52:34.441  INFO 17980 --- [main] org.dozer.jmx.JMXPlatformImpl            : Dozer JMX MBean [org.dozer.jmx:type=DozerAdminController] auto registered with the Platform MBean Server
2020-09-20 00:52:34.443  INFO 17980 --- [main] org.dozer.DozerBeanMapper                : Initializing a new instance of dozer bean mapper.
2020-09-20 00:52:34.464  INFO 17980 --- [task-1] org.hibernate.Version                    : HHH000412: Hibernate ORM core version 5.4.20.Final
2020-09-20 00:52:34.547  INFO 17980 --- [task-1] o.hibernate.annotations.common.Version   : HCANN000001: Hibernate Commons Annotations {5.1.0.Final}
2020-09-20 00:52:34.824  WARN 17980 --- [main] JpaBaseConfiguration$JpaWebConfiguration : spring.jpa.open-in-view is enabled by default. Therefore, database queries may be performed during view rendering. Explicitly configure spring.jpa.open-in-view to disable this warning
2020-09-20 00:52:35.225  INFO 17980 --- [task-1] org.hibernate.dialect.Dialect            : HHH000400: Using dialect: org.hibernate.dialect.H2Dialect
2020-09-20 00:52:35.311  INFO 17980 --- [main] o.s.b.a.h2.H2ConsoleAutoConfiguration    : H2 console available at '/h2-console'. Database available at 'jdbc:h2:mem:testdb'
2020-09-20 00:52:35.942  INFO 17980 --- [main] DeferredRepositoryInitializationListener : Triggering deferred initialization of Spring Data repositories…
2020-09-20 00:52:36.556  INFO 17980 --- [task-1] o.h.e.t.j.p.i.JtaPlatformInitiator       : HHH000490: Using JtaPlatform implementation: [org.hibernate.engine.transaction.jta.platform.internal.NoJtaPlatform]
2020-09-20 00:52:36.570  INFO 17980 --- [task-1] j.LocalContainerEntityManagerFactoryBean : Initialized JPA EntityManagerFactory for persistence unit 'default'
2020-09-20 00:52:36.945  INFO 17980 --- [main] DeferredRepositoryInitializationListener : Spring Data repositories initialized!
2020-09-20 00:52:36.959  INFO 17980 --- [main] c.p.E.EmployeeManagementApplicationTests : Started EmployeeManagementApplicationTests in 6.568 seconds (JVM running for 8.486)
2020-09-20 00:52:37.202 DEBUG 17980 --- [main] c.p.E.s.EmployeeManagementServiceImpl    : model[EmployeeManagementModel(employeeId=1, employeeName=xyz, employeeAge=20, addressList=null, passport=null)]
2020-09-20 00:52:37.236  INFO 17980 --- [SpringContextShutdownHook] j.LocalContainerEntityManagerFactoryBean : Closing JPA EntityManagerFactory for persistence unit 'default'
2020-09-20 00:52:37.236  INFO 17980 --- [SpringContextShutdownHook] .SchemaDropperImpl$DelayedDropActionImpl : HHH000477: Starting delayed evictData of schema as part of SessionFactory shut-down'
2020-09-20 00:52:37.246  INFO 17980 --- [SpringContextShutdownHook] o.s.s.concurrent.ThreadPoolTaskExecutor  : Shutting down ExecutorService 'applicationTaskExecutor'
2020-09-20 00:52:37.247  INFO 17980 --- [SpringContextShutdownHook] com.zaxxer.hikari.HikariDataSource       : HikariPool-1 - Shutdown initiated...
2020-09-20 00:52:37.251  INFO 17980 --- [SpringContextShutdownHook] com.zaxxer.hikari.HikariDataSource       : HikariPool-1 - Shutdown completed.
2020-09-20 10:09:52.960  INFO 14980 --- [main] c.p.E.EmployeeManagementApplicationTests : Starting EmployeeManagementApplicationTests on LTIN144926 with PID 14980 (started by 802464 in C:\Projects\EmployeeManagement\EmployeeManagement)
2020-09-20 10:09:52.964  INFO 14980 --- [main] c.p.E.EmployeeManagementApplicationTests : No active profile set, falling back to default profiles: default
2020-09-20 10:09:53.716  INFO 14980 --- [main] .s.d.r.c.RepositoryConfigurationDelegate : Bootstrapping Spring Data JPA repositories in DEFERRED mode.
2020-09-20 10:09:53.817  INFO 14980 --- [main] .s.d.r.c.RepositoryConfigurationDelegate : Finished Spring Data repository scanning in 89ms. Found 3 JPA repository interfaces.
2020-09-20 10:09:54.886  INFO 14980 --- [main] o.s.s.concurrent.ThreadPoolTaskExecutor  : Initializing ExecutorService 'applicationTaskExecutor'
2020-09-20 10:09:54.905  INFO 14980 --- [main] com.zaxxer.hikari.HikariDataSource       : HikariPool-1 - Starting...
2020-09-20 10:09:55.176  INFO 14980 --- [main] com.zaxxer.hikari.HikariDataSource       : HikariPool-1 - Start completed.
2020-09-20 10:09:55.275  INFO 14980 --- [task-1] o.hibernate.jpa.internal.util.LogHelper  : HHH000204: Processing PersistenceUnitInfo [name: default]
2020-09-20 10:09:55.284  INFO 14980 --- [main] org.dozer.config.GlobalSettings          : Trying to find Dozer configuration file: dozer.properties
2020-09-20 10:09:55.295  WARN 14980 --- [main] org.dozer.config.GlobalSettings          : Dozer configuration file not found: dozer.properties.  Using defaults for all Dozer global properties.
2020-09-20 10:09:55.298  INFO 14980 --- [main] org.dozer.DozerInitializer               : Initializing Dozer. Version: 5.5.0, Thread Name: main
2020-09-20 10:09:55.381  INFO 14980 --- [main] org.dozer.jmx.JMXPlatformImpl            : Dozer JMX MBean [org.dozer.jmx:type=DozerStatisticsController] auto registered with the Platform MBean Server
2020-09-20 10:09:55.384  INFO 14980 --- [main] org.dozer.jmx.JMXPlatformImpl            : Dozer JMX MBean [org.dozer.jmx:type=DozerAdminController] auto registered with the Platform MBean Server
2020-09-20 10:09:55.386  INFO 14980 --- [main] org.dozer.DozerBeanMapper                : Initializing a new instance of dozer bean mapper.
2020-09-20 10:09:55.400  INFO 14980 --- [task-1] org.hibernate.Version                    : HHH000412: Hibernate ORM core version 5.4.20.Final
2020-09-20 10:09:55.478  INFO 14980 --- [task-1] o.hibernate.annotations.common.Version   : HCANN000001: Hibernate Commons Annotations {5.1.0.Final}
2020-09-20 10:09:55.816  WARN 14980 --- [main] JpaBaseConfiguration$JpaWebConfiguration : spring.jpa.open-in-view is enabled by default. Therefore, database queries may be performed during view rendering. Explicitly configure spring.jpa.open-in-view to disable this warning
2020-09-20 10:09:56.327  INFO 14980 --- [task-1] org.hibernate.dialect.Dialect            : HHH000400: Using dialect: org.hibernate.dialect.H2Dialect
2020-09-20 10:09:56.463  INFO 14980 --- [main] o.s.b.a.h2.H2ConsoleAutoConfiguration    : H2 console available at '/h2-console'. Database available at 'jdbc:h2:mem:testdb'
2020-09-20 10:09:56.917  INFO 14980 --- [main] DeferredRepositoryInitializationListener : Triggering deferred initialization of Spring Data repositories…
2020-09-20 10:09:57.436  INFO 14980 --- [task-1] o.h.e.t.j.p.i.JtaPlatformInitiator       : HHH000490: Using JtaPlatform implementation: [org.hibernate.engine.transaction.jta.platform.internal.NoJtaPlatform]
2020-09-20 10:09:57.460  INFO 14980 --- [task-1] j.LocalContainerEntityManagerFactoryBean : Initialized JPA EntityManagerFactory for persistence unit 'default'
2020-09-20 10:09:57.939  INFO 14980 --- [main] DeferredRepositoryInitializationListener : Spring Data repositories initialized!
2020-09-20 10:09:57.954  INFO 14980 --- [main] c.p.E.EmployeeManagementApplicationTests : Started EmployeeManagementApplicationTests in 5.39 seconds (JVM running for 7.971)
2020-09-20 10:09:58.356 DEBUG 14980 --- [main] c.p.E.s.EmployeeManagementServiceImpl    : model[EmployeeManagementModel(employeeId=1, employeeName=xyz, employeeAge=20, addressList=null, passport=null), EmployeeManagementModel(employeeId=1, employeeName=xyz, employeeAge=20, addressList=null, passport=null)]
2020-09-20 10:09:58.382  INFO 14980 --- [SpringContextShutdownHook] j.LocalContainerEntityManagerFactoryBean : Closing JPA EntityManagerFactory for persistence unit 'default'
2020-09-20 10:09:58.383  INFO 14980 --- [SpringContextShutdownHook] .SchemaDropperImpl$DelayedDropActionImpl : HHH000477: Starting delayed evictData of schema as part of SessionFactory shut-down'
2020-09-20 10:09:58.392  INFO 14980 --- [SpringContextShutdownHook] o.s.s.concurrent.ThreadPoolTaskExecutor  : Shutting down ExecutorService 'applicationTaskExecutor'
2020-09-20 10:09:58.393  INFO 14980 --- [SpringContextShutdownHook] com.zaxxer.hikari.HikariDataSource       : HikariPool-1 - Shutdown initiated...
2020-09-20 10:09:58.396  INFO 14980 --- [SpringContextShutdownHook] com.zaxxer.hikari.HikariDataSource       : HikariPool-1 - Shutdown completed.
2020-09-20 11:15:45.568  INFO 9272 --- [main] c.p.E.EmployeeManagementApplicationTests : Starting EmployeeManagementApplicationTests on LTIN144926 with PID 9272 (started by 802464 in C:\Projects\EmployeeManagement\EmployeeManagement)
2020-09-20 11:15:45.569  INFO 9272 --- [main] c.p.E.EmployeeManagementApplicationTests : No active profile set, falling back to default profiles: default
2020-09-20 11:15:46.142  INFO 9272 --- [main] .s.d.r.c.RepositoryConfigurationDelegate : Bootstrapping Spring Data JPA repositories in DEFERRED mode.
2020-09-20 11:15:46.213  INFO 9272 --- [main] .s.d.r.c.RepositoryConfigurationDelegate : Finished Spring Data repository scanning in 64ms. Found 3 JPA repository interfaces.
2020-09-20 11:15:46.967  INFO 9272 --- [main] o.s.s.concurrent.ThreadPoolTaskExecutor  : Initializing ExecutorService 'applicationTaskExecutor'
2020-09-20 11:15:46.981  INFO 9272 --- [main] com.zaxxer.hikari.HikariDataSource       : HikariPool-1 - Starting...
2020-09-20 11:15:47.185  INFO 9272 --- [main] com.zaxxer.hikari.HikariDataSource       : HikariPool-1 - Start completed.
2020-09-20 11:15:47.253  INFO 9272 --- [main] org.dozer.config.GlobalSettings          : Trying to find Dozer configuration file: dozer.properties
2020-09-20 11:15:47.255  INFO 9272 --- [task-1] o.hibernate.jpa.internal.util.LogHelper  : HHH000204: Processing PersistenceUnitInfo [name: default]
2020-09-20 11:15:47.260  WARN 9272 --- [main] org.dozer.config.GlobalSettings          : Dozer configuration file not found: dozer.properties.  Using defaults for all Dozer global properties.
2020-09-20 11:15:47.262  INFO 9272 --- [main] org.dozer.DozerInitializer               : Initializing Dozer. Version: 5.5.0, Thread Name: main
2020-09-20 11:15:47.302  INFO 9272 --- [main] org.dozer.jmx.JMXPlatformImpl            : Dozer JMX MBean [org.dozer.jmx:type=DozerStatisticsController] auto registered with the Platform MBean Server
2020-09-20 11:15:47.303  INFO 9272 --- [main] org.dozer.jmx.JMXPlatformImpl            : Dozer JMX MBean [org.dozer.jmx:type=DozerAdminController] auto registered with the Platform MBean Server
2020-09-20 11:15:47.304  INFO 9272 --- [main] org.dozer.DozerBeanMapper                : Initializing a new instance of dozer bean mapper.
2020-09-20 11:15:47.309  INFO 9272 --- [task-1] org.hibernate.Version                    : HHH000412: Hibernate ORM core version 5.4.20.Final
2020-09-20 11:15:47.353  INFO 9272 --- [task-1] o.hibernate.annotations.common.Version   : HCANN000001: Hibernate Commons Annotations {5.1.0.Final}
2020-09-20 11:15:47.532  WARN 9272 --- [main] JpaBaseConfiguration$JpaWebConfiguration : spring.jpa.open-in-view is enabled by default. Therefore, database queries may be performed during view rendering. Explicitly configure spring.jpa.open-in-view to disable this warning
2020-09-20 11:15:47.676  INFO 9272 --- [task-1] org.hibernate.dialect.Dialect            : HHH000400: Using dialect: org.hibernate.dialect.H2Dialect
2020-09-20 11:15:47.814  INFO 9272 --- [main] o.s.b.a.h2.H2ConsoleAutoConfiguration    : H2 console available at '/h2-console'. Database available at 'jdbc:h2:mem:testdb'
2020-09-20 11:15:48.079  INFO 9272 --- [main] DeferredRepositoryInitializationListener : Triggering deferred initialization of Spring Data repositories…
2020-09-20 11:15:48.382  INFO 9272 --- [task-1] o.h.e.t.j.p.i.JtaPlatformInitiator       : HHH000490: Using JtaPlatform implementation: [org.hibernate.engine.transaction.jta.platform.internal.NoJtaPlatform]
2020-09-20 11:15:48.394  INFO 9272 --- [task-1] j.LocalContainerEntityManagerFactoryBean : Initialized JPA EntityManagerFactory for persistence unit 'default'
2020-09-20 11:15:48.593  INFO 9272 --- [main] DeferredRepositoryInitializationListener : Spring Data repositories initialized!
2020-09-20 11:15:48.600  INFO 9272 --- [main] c.p.E.EmployeeManagementApplicationTests : Started EmployeeManagementApplicationTests in 3.264 seconds (JVM running for 4.284)
2020-09-20 11:15:48.836 DEBUG 9272 --- [main] c.p.E.s.EmployeeManagementServiceImpl    : model[EmployeeManagementModel(employeeId=1, employeeName=xyz, employeeAge=20, addressList=null, passport=null), EmployeeManagementModel(employeeId=1, employeeName=xyz, employeeAge=20, addressList=null, passport=null)]
2020-09-20 11:15:48.860  INFO 9272 --- [SpringContextShutdownHook] j.LocalContainerEntityManagerFactoryBean : Closing JPA EntityManagerFactory for persistence unit 'default'
2020-09-20 11:15:48.861  INFO 9272 --- [SpringContextShutdownHook] .SchemaDropperImpl$DelayedDropActionImpl : HHH000477: Starting delayed evictData of schema as part of SessionFactory shut-down'
2020-09-20 11:15:48.862  WARN 9272 --- [SpringContextShutdownHook] o.h.engine.jdbc.spi.SqlExceptionHelper   : SQL Error: 90121, SQLState: 90121
2020-09-20 11:15:48.863 ERROR 9272 --- [SpringContextShutdownHook] o.h.engine.jdbc.spi.SqlExceptionHelper   : Database is already closed (to disable automatic closing at VM shutdown, add ";DB_CLOSE_ON_EXIT=FALSE" to the db URL) [90121-200]
2020-09-20 11:15:48.863  WARN 9272 --- [SpringContextShutdownHook] o.h.engine.jdbc.spi.SqlExceptionHelper   : SQL Error: 90121, SQLState: 90121
2020-09-20 11:15:48.863 ERROR 9272 --- [SpringContextShutdownHook] o.h.engine.jdbc.spi.SqlExceptionHelper   : Database is already closed (to disable automatic closing at VM shutdown, add ";DB_CLOSE_ON_EXIT=FALSE" to the db URL) [90121-200]
2020-09-20 11:15:48.863  WARN 9272 --- [SpringContextShutdownHook] o.s.b.f.support.DisposableBeanAdapter    : Invocation of destroy method failed on bean with name 'entityManagerFactory': org.hibernate.exception.JDBCConnectionException: Unable to release JDBC Connection used for DDL execution
2020-09-20 11:15:48.864  INFO 9272 --- [SpringContextShutdownHook] o.s.s.concurrent.ThreadPoolTaskExecutor  : Shutting down ExecutorService 'applicationTaskExecutor'
2020-09-20 11:15:48.864  INFO 9272 --- [SpringContextShutdownHook] com.zaxxer.hikari.HikariDataSource       : HikariPool-1 - Shutdown initiated...
2020-09-20 11:15:48.865  INFO 9272 --- [SpringContextShutdownHook] com.zaxxer.hikari.HikariDataSource       : HikariPool-1 - Shutdown completed.
2020-09-20 11:22:48.936  INFO 13084 --- [main] c.p.E.EmployeeManagementApplicationTests : Starting EmployeeManagementApplicationTests on LTIN144926 with PID 13084 (started by 802464 in C:\Projects\EmployeeManagement\EmployeeManagement)
2020-09-20 11:22:48.938  INFO 13084 --- [main] c.p.E.EmployeeManagementApplicationTests : No active profile set, falling back to default profiles: default
2020-09-20 11:22:49.502  INFO 13084 --- [main] .s.d.r.c.RepositoryConfigurationDelegate : Bootstrapping Spring Data JPA repositories in DEFERRED mode.
2020-09-20 11:22:49.567  INFO 13084 --- [main] .s.d.r.c.RepositoryConfigurationDelegate : Finished Spring Data repository scanning in 59ms. Found 3 JPA repository interfaces.
2020-09-20 11:22:50.312  INFO 13084 --- [main] o.s.s.concurrent.ThreadPoolTaskExecutor  : Initializing ExecutorService 'applicationTaskExecutor'
2020-09-20 11:22:50.326  INFO 13084 --- [main] com.zaxxer.hikari.HikariDataSource       : HikariPool-1 - Starting...
2020-09-20 11:22:50.529  INFO 13084 --- [main] com.zaxxer.hikari.HikariDataSource       : HikariPool-1 - Start completed.
2020-09-20 11:22:50.592  INFO 13084 --- [main] org.dozer.config.GlobalSettings          : Trying to find Dozer configuration file: dozer.properties
2020-09-20 11:22:50.595  INFO 13084 --- [task-1] o.hibernate.jpa.internal.util.LogHelper  : HHH000204: Processing PersistenceUnitInfo [name: default]
2020-09-20 11:22:50.597  WARN 13084 --- [main] org.dozer.config.GlobalSettings          : Dozer configuration file not found: dozer.properties.  Using defaults for all Dozer global properties.
2020-09-20 11:22:50.598  INFO 13084 --- [main] org.dozer.DozerInitializer               : Initializing Dozer. Version: 5.5.0, Thread Name: main
2020-09-20 11:22:50.636  INFO 13084 --- [main] org.dozer.jmx.JMXPlatformImpl            : Dozer JMX MBean [org.dozer.jmx:type=DozerStatisticsController] auto registered with the Platform MBean Server
2020-09-20 11:22:50.637  INFO 13084 --- [main] org.dozer.jmx.JMXPlatformImpl            : Dozer JMX MBean [org.dozer.jmx:type=DozerAdminController] auto registered with the Platform MBean Server
2020-09-20 11:22:50.638  INFO 13084 --- [main] org.dozer.DozerBeanMapper                : Initializing a new instance of dozer bean mapper.
2020-09-20 11:22:50.651  INFO 13084 --- [task-1] org.hibernate.Version                    : HHH000412: Hibernate ORM core version 5.4.20.Final
2020-09-20 11:22:50.694  INFO 13084 --- [task-1] o.hibernate.annotations.common.Version   : HCANN000001: Hibernate Commons Annotations {5.1.0.Final}
2020-09-20 11:22:50.872  WARN 13084 --- [main] JpaBaseConfiguration$JpaWebConfiguration : spring.jpa.open-in-view is enabled by default. Therefore, database queries may be performed during view rendering. Explicitly configure spring.jpa.open-in-view to disable this warning
2020-09-20 11:22:51.051  INFO 13084 --- [task-1] org.hibernate.dialect.Dialect            : HHH000400: Using dialect: org.hibernate.dialect.H2Dialect
2020-09-20 11:22:51.148  INFO 13084 --- [main] o.s.b.a.h2.H2ConsoleAutoConfiguration    : H2 console available at '/h2-console'. Database available at 'jdbc:h2:mem:testdb'
2020-09-20 11:22:51.419  INFO 13084 --- [main] DeferredRepositoryInitializationListener : Triggering deferred initialization of Spring Data repositories…
2020-09-20 11:22:51.667  INFO 13084 --- [task-1] o.h.e.t.j.p.i.JtaPlatformInitiator       : HHH000490: Using JtaPlatform implementation: [org.hibernate.engine.transaction.jta.platform.internal.NoJtaPlatform]
2020-09-20 11:22:51.676  INFO 13084 --- [task-1] j.LocalContainerEntityManagerFactoryBean : Initialized JPA EntityManagerFactory for persistence unit 'default'
2020-09-20 11:22:51.856  INFO 13084 --- [main] DeferredRepositoryInitializationListener : Spring Data repositories initialized!
2020-09-20 11:22:51.863  INFO 13084 --- [main] c.p.E.EmployeeManagementApplicationTests : Started EmployeeManagementApplicationTests in 3.156 seconds (JVM running for 4.053)
2020-09-20 11:22:52.108 DEBUG 13084 --- [main] c.p.E.s.EmployeeManagementServiceImpl    : model[EmployeeManagementModel(employeeId=1, employeeName=xyz, employeeAge=20, addressList=null, passport=null), EmployeeManagementModel(employeeId=1, employeeName=xyz, employeeAge=20, addressList=null, passport=null)]
2020-09-20 11:22:52.122  INFO 13084 --- [main] org.dozer.DozerBeanMapper                : Initializing a new instance of dozer bean mapper.
2020-09-20 11:22:52.139  INFO 13084 --- [SpringContextShutdownHook] j.LocalContainerEntityManagerFactoryBean : Closing JPA EntityManagerFactory for persistence unit 'default'
2020-09-20 11:22:52.139  INFO 13084 --- [SpringContextShutdownHook] .SchemaDropperImpl$DelayedDropActionImpl : HHH000477: Starting delayed evictData of schema as part of SessionFactory shut-down'
2020-09-20 11:22:52.141  WARN 13084 --- [SpringContextShutdownHook] o.h.engine.jdbc.spi.SqlExceptionHelper   : SQL Error: 90121, SQLState: 90121
2020-09-20 11:22:52.141 ERROR 13084 --- [SpringContextShutdownHook] o.h.engine.jdbc.spi.SqlExceptionHelper   : Database is already closed (to disable automatic closing at VM shutdown, add ";DB_CLOSE_ON_EXIT=FALSE" to the db URL) [90121-200]
2020-09-20 11:22:52.142  WARN 13084 --- [SpringContextShutdownHook] o.h.engine.jdbc.spi.SqlExceptionHelper   : SQL Error: 90121, SQLState: 90121
2020-09-20 11:22:52.142 ERROR 13084 --- [SpringContextShutdownHook] o.h.engine.jdbc.spi.SqlExceptionHelper   : Database is already closed (to disable automatic closing at VM shutdown, add ";DB_CLOSE_ON_EXIT=FALSE" to the db URL) [90121-200]
2020-09-20 11:22:52.142  WARN 13084 --- [SpringContextShutdownHook] o.s.b.f.support.DisposableBeanAdapter    : Invocation of destroy method failed on bean with name 'entityManagerFactory': org.hibernate.exception.JDBCConnectionException: Unable to release JDBC Connection used for DDL execution
2020-09-20 11:22:52.143  INFO 13084 --- [SpringContextShutdownHook] o.s.s.concurrent.ThreadPoolTaskExecutor  : Shutting down ExecutorService 'applicationTaskExecutor'
2020-09-20 11:22:52.143  INFO 13084 --- [SpringContextShutdownHook] com.zaxxer.hikari.HikariDataSource       : HikariPool-1 - Shutdown initiated...
2020-09-20 11:22:52.144  INFO 13084 --- [SpringContextShutdownHook] com.zaxxer.hikari.HikariDataSource       : HikariPool-1 - Shutdown completed.
2020-09-20 11:24:13.797  INFO 14476 --- [main] c.p.E.EmployeeManagementApplicationTests : Starting EmployeeManagementApplicationTests on LTIN144926 with PID 14476 (started by 802464 in C:\Projects\EmployeeManagement\EmployeeManagement)
2020-09-20 11:24:13.799  INFO 14476 --- [main] c.p.E.EmployeeManagementApplicationTests : No active profile set, falling back to default profiles: default
2020-09-20 11:24:14.330  INFO 14476 --- [main] .s.d.r.c.RepositoryConfigurationDelegate : Bootstrapping Spring Data JPA repositories in DEFERRED mode.
2020-09-20 11:24:14.399  INFO 14476 --- [main] .s.d.r.c.RepositoryConfigurationDelegate : Finished Spring Data repository scanning in 61ms. Found 3 JPA repository interfaces.
2020-09-20 11:24:15.151  INFO 14476 --- [main] o.s.s.concurrent.ThreadPoolTaskExecutor  : Initializing ExecutorService 'applicationTaskExecutor'
2020-09-20 11:24:15.168  INFO 14476 --- [main] com.zaxxer.hikari.HikariDataSource       : HikariPool-1 - Starting...
2020-09-20 11:24:15.366  INFO 14476 --- [main] com.zaxxer.hikari.HikariDataSource       : HikariPool-1 - Start completed.
2020-09-20 11:24:15.429  INFO 14476 --- [task-1] o.hibernate.jpa.internal.util.LogHelper  : HHH000204: Processing PersistenceUnitInfo [name: default]
2020-09-20 11:24:15.434  INFO 14476 --- [main] org.dozer.config.GlobalSettings          : Trying to find Dozer configuration file: dozer.properties
2020-09-20 11:24:15.438  WARN 14476 --- [main] org.dozer.config.GlobalSettings          : Dozer configuration file not found: dozer.properties.  Using defaults for all Dozer global properties.
2020-09-20 11:24:15.440  INFO 14476 --- [main] org.dozer.DozerInitializer               : Initializing Dozer. Version: 5.5.0, Thread Name: main
2020-09-20 11:24:15.477  INFO 14476 --- [main] org.dozer.jmx.JMXPlatformImpl            : Dozer JMX MBean [org.dozer.jmx:type=DozerStatisticsController] auto registered with the Platform MBean Server
2020-09-20 11:24:15.478  INFO 14476 --- [main] org.dozer.jmx.JMXPlatformImpl            : Dozer JMX MBean [org.dozer.jmx:type=DozerAdminController] auto registered with the Platform MBean Server
2020-09-20 11:24:15.479  INFO 14476 --- [main] org.dozer.DozerBeanMapper                : Initializing a new instance of dozer bean mapper.
2020-09-20 11:24:15.490  INFO 14476 --- [task-1] org.hibernate.Version                    : HHH000412: Hibernate ORM core version 5.4.20.Final
2020-09-20 11:24:15.534  INFO 14476 --- [task-1] o.hibernate.annotations.common.Version   : HCANN000001: Hibernate Commons Annotations {5.1.0.Final}
2020-09-20 11:24:15.704  WARN 14476 --- [main] JpaBaseConfiguration$JpaWebConfiguration : spring.jpa.open-in-view is enabled by default. Therefore, database queries may be performed during view rendering. Explicitly configure spring.jpa.open-in-view to disable this warning
2020-09-20 11:24:15.871  INFO 14476 --- [task-1] org.hibernate.dialect.Dialect            : HHH000400: Using dialect: org.hibernate.dialect.H2Dialect
2020-09-20 11:24:15.966  INFO 14476 --- [main] o.s.b.a.h2.H2ConsoleAutoConfiguration    : H2 console available at '/h2-console'. Database available at 'jdbc:h2:mem:testdb'
2020-09-20 11:24:16.256  INFO 14476 --- [main] DeferredRepositoryInitializationListener : Triggering deferred initialization of Spring Data repositories…
2020-09-20 11:24:16.500  INFO 14476 --- [task-1] o.h.e.t.j.p.i.JtaPlatformInitiator       : HHH000490: Using JtaPlatform implementation: [org.hibernate.engine.transaction.jta.platform.internal.NoJtaPlatform]
2020-09-20 11:24:16.510  INFO 14476 --- [task-1] j.LocalContainerEntityManagerFactoryBean : Initialized JPA EntityManagerFactory for persistence unit 'default'
2020-09-20 11:24:16.715  INFO 14476 --- [main] DeferredRepositoryInitializationListener : Spring Data repositories initialized!
2020-09-20 11:24:16.722  INFO 14476 --- [main] c.p.E.EmployeeManagementApplicationTests : Started EmployeeManagementApplicationTests in 3.233 seconds (JVM running for 4.204)
2020-09-20 11:24:16.954 DEBUG 14476 --- [main] c.p.E.s.EmployeeManagementServiceImpl    : model[EmployeeManagementModel(employeeId=1, employeeName=xyz, employeeAge=20, addressList=null, passport=null), EmployeeManagementModel(employeeId=1, employeeName=xyz, employeeAge=20, addressList=null, passport=null)]
2020-09-20 11:24:16.969  INFO 14476 --- [main] org.dozer.DozerBeanMapper                : Initializing a new instance of dozer bean mapper.
2020-09-20 11:24:16.986  INFO 14476 --- [SpringContextShutdownHook] j.LocalContainerEntityManagerFactoryBean : Closing JPA EntityManagerFactory for persistence unit 'default'
2020-09-20 11:24:16.987  INFO 14476 --- [SpringContextShutdownHook] .SchemaDropperImpl$DelayedDropActionImpl : HHH000477: Starting delayed evictData of schema as part of SessionFactory shut-down'
2020-09-20 11:24:16.989  WARN 14476 --- [SpringContextShutdownHook] o.h.engine.jdbc.spi.SqlExceptionHelper   : SQL Error: 90121, SQLState: 90121
2020-09-20 11:24:16.989 ERROR 14476 --- [SpringContextShutdownHook] o.h.engine.jdbc.spi.SqlExceptionHelper   : Database is already closed (to disable automatic closing at VM shutdown, add ";DB_CLOSE_ON_EXIT=FALSE" to the db URL) [90121-200]
2020-09-20 11:24:16.989  WARN 14476 --- [SpringContextShutdownHook] o.h.engine.jdbc.spi.SqlExceptionHelper   : SQL Error: 90121, SQLState: 90121
2020-09-20 11:24:16.989 ERROR 14476 --- [SpringContextShutdownHook] o.h.engine.jdbc.spi.SqlExceptionHelper   : Database is already closed (to disable automatic closing at VM shutdown, add ";DB_CLOSE_ON_EXIT=FALSE" to the db URL) [90121-200]
2020-09-20 11:24:16.990  WARN 14476 --- [SpringContextShutdownHook] o.s.b.f.support.DisposableBeanAdapter    : Invocation of destroy method failed on bean with name 'entityManagerFactory': org.hibernate.exception.JDBCConnectionException: Unable to release JDBC Connection used for DDL execution
2020-09-20 11:24:16.990  INFO 14476 --- [SpringContextShutdownHook] o.s.s.concurrent.ThreadPoolTaskExecutor  : Shutting down ExecutorService 'applicationTaskExecutor'
2020-09-20 11:24:16.990  INFO 14476 --- [SpringContextShutdownHook] com.zaxxer.hikari.HikariDataSource       : HikariPool-1 - Shutdown initiated...
2020-09-20 11:24:16.992  INFO 14476 --- [SpringContextShutdownHook] com.zaxxer.hikari.HikariDataSource       : HikariPool-1 - Shutdown completed.
